[debug] [2023-09-26T13:00:30.052Z] ----------------------------------------------------------------------
[debug] [2023-09-26T13:00:30.056Z] Command:       C:\Program Files\nodejs\node.exe C:\Users\pc\AppData\Roaming\npm\node_modules\firebase-tools\lib\bin\firebase.js init
[debug] [2023-09-26T13:00:30.056Z] CLI Version:   12.5.4
[debug] [2023-09-26T13:00:30.057Z] Platform:      win32
[debug] [2023-09-26T13:00:30.057Z] Node Version:  v18.12.1
[debug] [2023-09-26T13:00:30.058Z] Time:          Tue Sep 26 2023 13:00:30 GMT+0000 (temps universel coordonné)
[debug] [2023-09-26T13:00:30.059Z] ----------------------------------------------------------------------
[debug] 
[debug] [2023-09-26T13:00:30.101Z] > command requires scopes: ["email","openid","https://www.googleapis.com/auth/cloudplatformprojects.readonly","https://www.googleapis.com/auth/firebase","https://www.googleapis.com/auth/cloud-platform"]
[debug] [2023-09-26T13:00:30.102Z] > authorizing via signed-in user (medbechirathie@gmail.com)
[info] 
     ######## #### ########  ######## ########     ###     ######  ########
     ##        ##  ##     ## ##       ##     ##  ##   ##  ##       ##
     ######    ##  ########  ######   ########  #########  ######  ######
     ##        ##  ##    ##  ##       ##     ## ##     ##       ## ##
     ##       #### ##     ## ######## ########  ##     ##  ######  ########

You're about to initialize a Firebase project in this directory:

  C:\Users\pc\Desktop\Exos\firebase-tuto

[info] 
=== Project Setup
[info] 
[info] First, let's associate this project directory with a Firebase project.
[info] You can create multiple project aliases by running firebase use --add, 
[info] but for now we'll just set up a default project.
[info] 
[info] i  If you want to create a project in a Google Cloud organization or folder, please use "firebase projects:create" instead, and return to this command when you've created the project. 
